[debug] [2026-04-01T00:02:48.467Z] ----------------------------------------------------------------------
[debug] [2026-04-01T00:02:48.469Z] Command:       C:\Program Files\nodejs\node.exe C:\Users\AI\AppData\Roaming\npm\node_modules\firebase-tools\lib\bin\firebase.js projects:list
[debug] [2026-04-01T00:02:48.469Z] CLI Version:   15.12.0
[debug] [2026-04-01T00:02:48.469Z] Platform:      win32
[debug] [2026-04-01T00:02:48.469Z] Node Version:  v22.17.1
[debug] [2026-04-01T00:02:48.470Z] Time:          Tue Mar 31 2026 20:02:48 GMT-0400 (Eastern Daylight Time)
[debug] [2026-04-01T00:02:48.470Z] ----------------------------------------------------------------------
[debug] 
[debug] [2026-04-01T00:02:48.589Z] > command requires scopes: ["email","openid","https://www.googleapis.com/auth/cloudplatformprojects.readonly","https://www.googleapis.com/auth/firebase","https://www.googleapis.com/auth/cloud-platform"]
[debug] [2026-04-01T00:02:48.590Z] > authorizing via signed-in user (myileoja@gmail.com)
[debug] [2026-04-01T00:02:48.592Z] Checked if tokens are valid: true, expires at: 1775005349481
[debug] [2026-04-01T00:02:48.592Z] Checked if tokens are valid: true, expires at: 1775005349481
[debug] [2026-04-01T00:02:48.593Z] >>> [apiv2][query] GET https://firebase.googleapis.com/v1beta1/projects pageSize=1000
[debug] [2026-04-01T00:02:49.135Z] <<< [apiv2][status] GET https://firebase.googleapis.com/v1beta1/projects 200
[debug] [2026-04-01T00:02:59.999Z] ----------------------------------------------------------------------
[debug] [2026-04-01T00:03:00.001Z] Command:       C:\Program Files\nodejs\node.exe C:\Users\AI\AppData\Roaming\npm\node_modules\firebase-tools\lib\bin\firebase.js use aismart-plan
[debug] [2026-04-01T00:03:00.001Z] CLI Version:   15.12.0
[debug] [2026-04-01T00:03:00.001Z] Platform:      win32
[debug] [2026-04-01T00:03:00.001Z] Node Version:  v22.17.1
[debug] [2026-04-01T00:03:00.001Z] Time:          Tue Mar 31 2026 20:03:00 GMT-0400 (Eastern Daylight Time)
[debug] [2026-04-01T00:03:00.001Z] ----------------------------------------------------------------------
[debug] 
[debug] [2026-04-01T00:03:00.129Z] > command requires scopes: ["email","openid","https://www.googleapis.com/auth/cloudplatformprojects.readonly","https://www.googleapis.com/auth/firebase","https://www.googleapis.com/auth/cloud-platform"]
[debug] [2026-04-01T00:03:00.129Z] > authorizing via signed-in user (myileoja@gmail.com)
[debug] [2026-04-01T00:03:00.130Z] Checked if tokens are valid: true, expires at: 1775005349481
[debug] [2026-04-01T00:03:00.131Z] Checked if tokens are valid: true, expires at: 1775005349481
[debug] [2026-04-01T00:03:00.131Z] >>> [apiv2][query] GET https://serviceusage.googleapis.com/v1/projects/aismart-plan/services/cloudresourcemanager.googleapis.com [none]
[debug] [2026-04-01T00:03:00.131Z] >>> [apiv2][(partial)header] GET https://serviceusage.googleapis.com/v1/projects/aismart-plan/services/cloudresourcemanager.googleapis.com  x-goog-user-project=aismart-plan
[debug] [2026-04-01T00:03:00.680Z] <<< [apiv2][status] GET https://serviceusage.googleapis.com/v1/projects/aismart-plan/services/cloudresourcemanager.googleapis.com 200
[debug] [2026-04-01T00:03:00.680Z] <<< [apiv2][body] GET https://serviceusage.googleapis.com/v1/projects/aismart-plan/services/cloudresourcemanager.googleapis.com [omitted]
[debug] [2026-04-01T00:03:00.682Z] Checked if tokens are valid: true, expires at: 1775005349481
[debug] [2026-04-01T00:03:00.683Z] Checked if tokens are valid: true, expires at: 1775005349481
[debug] [2026-04-01T00:03:00.683Z] >>> [apiv2][query] GET https://cloudresourcemanager.googleapis.com/v1/projects/aismart-plan [none]
[debug] [2026-04-01T00:03:00.888Z] <<< [apiv2][status] GET https://cloudresourcemanager.googleapis.com/v1/projects/aismart-plan 200
[debug] [2026-04-01T00:03:10.085Z] ----------------------------------------------------------------------
[debug] [2026-04-01T00:03:10.087Z] Command:       C:\Program Files\nodejs\node.exe C:\Users\AI\AppData\Roaming\npm\node_modules\firebase-tools\lib\bin\firebase.js deploy --only firestore
[debug] [2026-04-01T00:03:10.087Z] CLI Version:   15.12.0
[debug] [2026-04-01T00:03:10.088Z] Platform:      win32
[debug] [2026-04-01T00:03:10.088Z] Node Version:  v22.17.1
[debug] [2026-04-01T00:03:10.088Z] Time:          Tue Mar 31 2026 20:03:10 GMT-0400 (Eastern Daylight Time)
[debug] [2026-04-01T00:03:10.088Z] ----------------------------------------------------------------------
[debug] 
[debug] [2026-04-01T00:03:11.111Z] > command requires scopes: ["email","openid","https://www.googleapis.com/auth/cloudplatformprojects.readonly","https://www.googleapis.com/auth/firebase","https://www.googleapis.com/auth/cloud-platform"]
[debug] [2026-04-01T00:03:11.111Z] > authorizing via signed-in user (myileoja@gmail.com)
[debug] [2026-04-01T00:03:11.112Z] [iam] checking project aismart-plan for permissions ["datastore.indexes.create","datastore.indexes.delete","datastore.indexes.list","datastore.indexes.update","firebase.projects.get"]
[debug] [2026-04-01T00:03:11.112Z] Checked if tokens are valid: true, expires at: 1775005349481
[debug] [2026-04-01T00:03:11.112Z] Checked if tokens are valid: true, expires at: 1775005349481
[debug] [2026-04-01T00:03:11.113Z] >>> [apiv2][query] POST https://cloudresourcemanager.googleapis.com/v1/projects/aismart-plan:testIamPermissions [none]
[debug] [2026-04-01T00:03:11.113Z] >>> [apiv2][(partial)header] POST https://cloudresourcemanager.googleapis.com/v1/projects/aismart-plan:testIamPermissions  x-goog-user-project=aismart-plan
[debug] [2026-04-01T00:03:11.113Z] >>> [apiv2][body] POST https://cloudresourcemanager.googleapis.com/v1/projects/aismart-plan:testIamPermissions {"permissions":["datastore.indexes.create","datastore.indexes.delete","datastore.indexes.list","datastore.indexes.update","firebase.projects.get"]}
[debug] [2026-04-01T00:03:11.382Z] <<< [apiv2][status] POST https://cloudresourcemanager.googleapis.com/v1/projects/aismart-plan:testIamPermissions 200
[debug] [2026-04-01T00:03:11.383Z] <<< [apiv2][body] POST https://cloudresourcemanager.googleapis.com/v1/projects/aismart-plan:testIamPermissions {"permissions":["datastore.indexes.create","datastore.indexes.delete","datastore.indexes.list","datastore.indexes.update","firebase.projects.get"]}
[info] 
[info] === Deploying to 'aismart-plan'...
[info] 
[info] i  deploying firestore 
[info] i  firestore: ensuring required API firestore.googleapis.com is enabled... 
[info] i  firestore: ensuring required API firestore.googleapis.com is enabled... 
[debug] [2026-04-01T00:03:11.385Z] Checked if tokens are valid: true, expires at: 1775005349481
[debug] [2026-04-01T00:03:11.385Z] Checked if tokens are valid: true, expires at: 1775005349481
[debug] [2026-04-01T00:03:11.385Z] >>> [apiv2][query] GET https://firestore.googleapis.com/v1/projects/aismart-plan/databases/(default) [none]
[debug] [2026-04-01T00:03:11.719Z] <<< [apiv2][status] GET https://firestore.googleapis.com/v1/projects/aismart-plan/databases/(default) 200
[debug] [2026-04-01T00:03:11.719Z] <<< [apiv2][body] GET https://firestore.googleapis.com/v1/projects/aismart-plan/databases/(default) {"name":"projects/aismart-plan/databases/(default)","uid":"7388d53f-b71f-4161-982c-95293650243e","createTime":"2026-03-24T23:46:05.026217Z","updateTime":"2026-03-24T23:46:05.026217Z","locationId":"nam5","type":"FIRESTORE_NATIVE","concurrencyMode":"PESSIMISTIC","versionRetentionPeriod":"3600s","earliestVersionTime":"2026-03-31T23:03:12.510590Z","appEngineIntegrationMode":"DISABLED","keyPrefix":"s","pointInTimeRecoveryEnablement":"POINT_IN_TIME_RECOVERY_DISABLED","deleteProtectionState":"DELETE_PROTECTION_DISABLED","databaseEdition":"STANDARD","freeTier":true,"realtimeUpdatesMode":"REALTIME_UPDATES_MODE_ENABLED","etag":"IP/vxfqsy5MDMLOF1JXcuZMD"}
[info] i  firestore: reading indexes from firebase/firestore.indexes.json... 
[info] i  cloud.firestore: checking firebase/firestore.rules for compilation errors... 
[debug] [2026-04-01T00:03:11.721Z] Checked if tokens are valid: true, expires at: 1775005349481
[debug] [2026-04-01T00:03:11.721Z] Checked if tokens are valid: true, expires at: 1775005349481
[debug] [2026-04-01T00:03:11.721Z] >>> [apiv2][query] POST https://firebaserules.googleapis.com/v1/projects/aismart-plan:test [none]
[debug] [2026-04-01T00:03:11.721Z] >>> [apiv2][body] POST https://firebaserules.googleapis.com/v1/projects/aismart-plan:test [omitted]
[debug] [2026-04-01T00:03:11.989Z] <<< [apiv2][status] POST https://firebaserules.googleapis.com/v1/projects/aismart-plan:test 200
[debug] [2026-04-01T00:03:11.989Z] <<< [apiv2][body] POST https://firebaserules.googleapis.com/v1/projects/aismart-plan:test {}
[info] +  cloud.firestore: rules file firebase/firestore.rules compiled successfully 
[debug] [2026-04-01T00:03:11.990Z] Checked if tokens are valid: true, expires at: 1775005349481
[debug] [2026-04-01T00:03:11.990Z] Checked if tokens are valid: true, expires at: 1775005349481
[debug] [2026-04-01T00:03:11.990Z] >>> [apiv2][query] GET https://firebaserules.googleapis.com/v1/projects/aismart-plan/releases pageSize=10&pageToken=
[debug] [2026-04-01T00:03:12.110Z] <<< [apiv2][status] GET https://firebaserules.googleapis.com/v1/projects/aismart-plan/releases 200
[debug] [2026-04-01T00:03:12.110Z] <<< [apiv2][body] GET https://firebaserules.googleapis.com/v1/projects/aismart-plan/releases {"releases":[{"name":"projects/aismart-plan/releases/cloud.firestore","rulesetName":"projects/aismart-plan/rulesets/87916968-adb1-48cd-a005-827053d6b46c","createTime":"2026-03-24T23:46:05.949576Z","updateTime":"2026-04-01T00:02:33.085143Z"}]}
[debug] [2026-04-01T00:03:12.110Z] Checked if tokens are valid: true, expires at: 1775005349481
[debug] [2026-04-01T00:03:12.111Z] Checked if tokens are valid: true, expires at: 1775005349481
[debug] [2026-04-01T00:03:12.111Z] >>> [apiv2][query] GET https://firebaserules.googleapis.com/v1/projects/aismart-plan/rulesets/87916968-adb1-48cd-a005-827053d6b46c [none]
[debug] [2026-04-01T00:03:12.295Z] <<< [apiv2][status] GET https://firebaserules.googleapis.com/v1/projects/aismart-plan/rulesets/87916968-adb1-48cd-a005-827053d6b46c 200
[debug] [2026-04-01T00:03:12.296Z] <<< [apiv2][body] GET https://firebaserules.googleapis.com/v1/projects/aismart-plan/rulesets/87916968-adb1-48cd-a005-827053d6b46c [omitted]
[info] i  firestore: latest version of firebase/firestore.rules already up to date, skipping upload... 
[info] i  firestore: deploying indexes... 
[debug] [2026-04-01T00:03:12.298Z] Checked if tokens are valid: true, expires at: 1775005349481
[debug] [2026-04-01T00:03:12.298Z] Checked if tokens are valid: true, expires at: 1775005349481
[debug] [2026-04-01T00:03:12.298Z] >>> [apiv2][query] GET https://firestore.googleapis.com/v1/projects/aismart-plan/databases/(default)/collectionGroups/-/indexes [none]
[debug] [2026-04-01T00:03:12.504Z] <<< [apiv2][status] GET https://firestore.googleapis.com/v1/projects/aismart-plan/databases/(default)/collectionGroups/-/indexes 200
[debug] [2026-04-01T00:03:12.504Z] <<< [apiv2][body] GET https://firestore.googleapis.com/v1/projects/aismart-plan/databases/(default)/collectionGroups/-/indexes {}
[debug] [2026-04-01T00:03:12.504Z] Checked if tokens are valid: true, expires at: 1775005349481
[debug] [2026-04-01T00:03:12.504Z] Checked if tokens are valid: true, expires at: 1775005349481
[debug] [2026-04-01T00:03:12.504Z] >>> [apiv2][query] GET https://firestore.googleapis.com/v1/projects/aismart-plan/databases/(default)/collectionGroups/-/fields?filter=indexConfig.usesAncestorConfig=false OR ttlConfig:* [none]
[debug] [2026-04-01T00:03:12.798Z] <<< [apiv2][status] GET https://firestore.googleapis.com/v1/projects/aismart-plan/databases/(default)/collectionGroups/-/fields?filter=indexConfig.usesAncestorConfig=false OR ttlConfig:* 200
[debug] [2026-04-01T00:03:12.799Z] <<< [apiv2][body] GET https://firestore.googleapis.com/v1/projects/aismart-plan/databases/(default)/collectionGroups/-/fields?filter=indexConfig.usesAncestorConfig=false OR ttlConfig:* {"fields":[{"name":"projects/aismart-plan/databases/(default)/collectionGroups/__default__/fields/*","indexConfig":{"indexes":[{"queryScope":"COLLECTION","fields":[{"fieldPath":"*","order":"ASCENDING"}],"state":"READY"},{"queryScope":"COLLECTION","fields":[{"fieldPath":"*","order":"DESCENDING"}],"state":"READY"},{"queryScope":"COLLECTION","fields":[{"fieldPath":"*","arrayConfig":"CONTAINS"}],"state":"READY"}]}}]}
[debug] [2026-04-01T00:03:12.799Z] Checked if tokens are valid: true, expires at: 1775005349481
[debug] [2026-04-01T00:03:12.800Z] Checked if tokens are valid: true, expires at: 1775005349481
[debug] [2026-04-01T00:03:12.800Z] >>> [apiv2][query] GET https://firestore.googleapis.com/v1/projects/aismart-plan/databases/(default) [none]
[debug] [2026-04-01T00:03:12.886Z] <<< [apiv2][status] GET https://firestore.googleapis.com/v1/projects/aismart-plan/databases/(default) 200
[debug] [2026-04-01T00:03:12.886Z] <<< [apiv2][body] GET https://firestore.googleapis.com/v1/projects/aismart-plan/databases/(default) {"name":"projects/aismart-plan/databases/(default)","uid":"7388d53f-b71f-4161-982c-95293650243e","createTime":"2026-03-24T23:46:05.026217Z","updateTime":"2026-03-24T23:46:05.026217Z","locationId":"nam5","type":"FIRESTORE_NATIVE","concurrencyMode":"PESSIMISTIC","versionRetentionPeriod":"3600s","earliestVersionTime":"2026-03-31T23:03:13.679622Z","appEngineIntegrationMode":"DISABLED","keyPrefix":"s","pointInTimeRecoveryEnablement":"POINT_IN_TIME_RECOVERY_DISABLED","deleteProtectionState":"DELETE_PROTECTION_DISABLED","databaseEdition":"STANDARD","freeTier":true,"realtimeUpdatesMode":"REALTIME_UPDATES_MODE_ENABLED","etag":"INKcjfusy5MDMLOF1JXcuZMD"}
[debug] [2026-04-01T00:03:12.886Z] Creating new index: {"collectionGroup":"goals","queryScope":"COLLECTION","fields":[{"fieldPath":"status","order":"ASCENDING"},{"fieldPath":"createdAt","order":"DESCENDING"}]}
[debug] [2026-04-01T00:03:12.887Z] Checked if tokens are valid: true, expires at: 1775005349481
[debug] [2026-04-01T00:03:12.887Z] Checked if tokens are valid: true, expires at: 1775005349481
[debug] [2026-04-01T00:03:12.887Z] >>> [apiv2][query] POST https://firestore.googleapis.com/v1/projects/aismart-plan/databases/(default)/collectionGroups/goals/indexes [none]
[debug] [2026-04-01T00:03:12.887Z] >>> [apiv2][body] POST https://firestore.googleapis.com/v1/projects/aismart-plan/databases/(default)/collectionGroups/goals/indexes {"fields":[{"fieldPath":"status","order":"ASCENDING"},{"fieldPath":"createdAt","order":"DESCENDING"}],"queryScope":"COLLECTION"}
[debug] [2026-04-01T00:03:13.229Z] <<< [apiv2][status] POST https://firestore.googleapis.com/v1/projects/aismart-plan/databases/(default)/collectionGroups/goals/indexes 200
[debug] [2026-04-01T00:03:13.229Z] <<< [apiv2][body] POST https://firestore.googleapis.com/v1/projects/aismart-plan/databases/(default)/collectionGroups/goals/indexes {"name":"projects/aismart-plan/databases/(default)/operations/S0U0aFhqT2dBQ0lDDCoDIGQyNmQzYWRlMTM3Zi00NWI5LTEwMTQtODlkMi1iNGQ4NjkwYSQac2VuaWxlcGlwCQpBEg","metadata":{"@type":"type.googleapis.com/google.firestore.admin.v1.IndexOperationMetadata","startTime":"2026-04-01T00:03:13.926879Z","index":"projects/aismart-plan/databases/(default)/collectionGroups/goals/indexes/CICAgOjXh4EK","state":"INITIALIZING"}}
[debug] [2026-04-01T00:03:13.230Z] Creating new index: {"collectionGroup":"goals","queryScope":"COLLECTION","fields":[{"fieldPath":"priority","order":"DESCENDING"},{"fieldPath":"createdAt","order":"DESCENDING"}]}
[debug] [2026-04-01T00:03:13.230Z] Checked if tokens are valid: true, expires at: 1775005349481
[debug] [2026-04-01T00:03:13.230Z] Checked if tokens are valid: true, expires at: 1775005349481
[debug] [2026-04-01T00:03:13.230Z] >>> [apiv2][query] POST https://firestore.googleapis.com/v1/projects/aismart-plan/databases/(default)/collectionGroups/goals/indexes [none]
[debug] [2026-04-01T00:03:13.230Z] >>> [apiv2][body] POST https://firestore.googleapis.com/v1/projects/aismart-plan/databases/(default)/collectionGroups/goals/indexes {"fields":[{"fieldPath":"priority","order":"DESCENDING"},{"fieldPath":"createdAt","order":"DESCENDING"}],"queryScope":"COLLECTION"}
[debug] [2026-04-01T00:03:13.477Z] <<< [apiv2][status] POST https://firestore.googleapis.com/v1/projects/aismart-plan/databases/(default)/collectionGroups/goals/indexes 200
[debug] [2026-04-01T00:03:13.477Z] <<< [apiv2][body] POST https://firestore.googleapis.com/v1/projects/aismart-plan/databases/(default)/collectionGroups/goals/indexes {"name":"projects/aismart-plan/databases/(default)/operations/S01vcFVpSmdBQ0lDDCoDIGQyY2U2YTI3Mjg4OS0wZDVhLWViNzQtM2ZiOC0yOWQwYTJkNiQac2VuaWxlcGlwCQpBEg","metadata":{"@type":"type.googleapis.com/google.firestore.admin.v1.IndexOperationMetadata","startTime":"2026-04-01T00:03:14.216872Z","index":"projects/aismart-plan/databases/(default)/collectionGroups/goals/indexes/CICAgJiUpoMK","state":"INITIALIZING"}}
[debug] [2026-04-01T00:03:13.477Z] Creating new index: {"collectionGroup":"goals","queryScope":"COLLECTION","fields":[{"fieldPath":"scheduledStart","order":"ASCENDING"}]}
[debug] [2026-04-01T00:03:13.477Z] Checked if tokens are valid: true, expires at: 1775005349481
[debug] [2026-04-01T00:03:13.477Z] Checked if tokens are valid: true, expires at: 1775005349481
[debug] [2026-04-01T00:03:13.478Z] >>> [apiv2][query] POST https://firestore.googleapis.com/v1/projects/aismart-plan/databases/(default)/collectionGroups/goals/indexes [none]
[debug] [2026-04-01T00:03:13.478Z] >>> [apiv2][body] POST https://firestore.googleapis.com/v1/projects/aismart-plan/databases/(default)/collectionGroups/goals/indexes {"fields":[{"fieldPath":"scheduledStart","order":"ASCENDING"}],"queryScope":"COLLECTION"}
[debug] [2026-04-01T00:03:13.561Z] <<< [apiv2][status] POST https://firestore.googleapis.com/v1/projects/aismart-plan/databases/(default)/collectionGroups/goals/indexes 400
[debug] [2026-04-01T00:03:13.561Z] <<< [apiv2][body] POST https://firestore.googleapis.com/v1/projects/aismart-plan/databases/(default)/collectionGroups/goals/indexes {"error":{"code":400,"message":"this index is not necessary, configure using single field index controls","status":"INVALID_ARGUMENT"}}
[error] 
[error] Error: Request to https://firestore.googleapis.com/v1/projects/aismart-plan/databases/(default)/collectionGroups/goals/indexes had HTTP Error: 400, this index is not necessary, configure using single field index controls
[debug] [2026-04-01T00:03:13.565Z] Error Context: {
  "body": {
    "error": {
      "code": 400,
      "message": "this index is not necessary, configure using single field index controls",
      "status": "INVALID_ARGUMENT"
    }
  },
  "response": {
    "statusCode": 400
  }
}
[debug] [2026-04-01T00:03:53.830Z] ----------------------------------------------------------------------
[debug] [2026-04-01T00:03:53.832Z] Command:       C:\Program Files\nodejs\node.exe C:\Users\AI\AppData\Roaming\npm\node_modules\firebase-tools\lib\bin\firebase.js deploy --only firestore:indexes
[debug] [2026-04-01T00:03:53.832Z] CLI Version:   15.12.0
[debug] [2026-04-01T00:03:53.832Z] Platform:      win32
[debug] [2026-04-01T00:03:53.832Z] Node Version:  v22.17.1
[debug] [2026-04-01T00:03:53.832Z] Time:          Tue Mar 31 2026 20:03:53 GMT-0400 (Eastern Daylight Time)
[debug] [2026-04-01T00:03:53.833Z] ----------------------------------------------------------------------
[debug] 
[debug] [2026-04-01T00:03:54.798Z] > command requires scopes: ["email","openid","https://www.googleapis.com/auth/cloudplatformprojects.readonly","https://www.googleapis.com/auth/firebase","https://www.googleapis.com/auth/cloud-platform"]
[debug] [2026-04-01T00:03:54.799Z] > authorizing via signed-in user (myileoja@gmail.com)
[debug] [2026-04-01T00:03:54.799Z] [iam] checking project aismart-plan for permissions ["datastore.indexes.create","datastore.indexes.delete","datastore.indexes.list","datastore.indexes.update","firebase.projects.get"]
[debug] [2026-04-01T00:03:54.799Z] Checked if tokens are valid: true, expires at: 1775005349481
[debug] [2026-04-01T00:03:54.800Z] Checked if tokens are valid: true, expires at: 1775005349481
[debug] [2026-04-01T00:03:54.800Z] >>> [apiv2][query] POST https://cloudresourcemanager.googleapis.com/v1/projects/aismart-plan:testIamPermissions [none]
[debug] [2026-04-01T00:03:54.800Z] >>> [apiv2][(partial)header] POST https://cloudresourcemanager.googleapis.com/v1/projects/aismart-plan:testIamPermissions  x-goog-user-project=aismart-plan
[debug] [2026-04-01T00:03:54.800Z] >>> [apiv2][body] POST https://cloudresourcemanager.googleapis.com/v1/projects/aismart-plan:testIamPermissions {"permissions":["datastore.indexes.create","datastore.indexes.delete","datastore.indexes.list","datastore.indexes.update","firebase.projects.get"]}
[debug] [2026-04-01T00:03:55.143Z] <<< [apiv2][status] POST https://cloudresourcemanager.googleapis.com/v1/projects/aismart-plan:testIamPermissions 200
[debug] [2026-04-01T00:03:55.143Z] <<< [apiv2][body] POST https://cloudresourcemanager.googleapis.com/v1/projects/aismart-plan:testIamPermissions {"permissions":["datastore.indexes.create","datastore.indexes.delete","datastore.indexes.list","datastore.indexes.update","firebase.projects.get"]}
[info] 
[info] === Deploying to 'aismart-plan'...
[info] 
[info] i  deploying firestore 
[info] i  firestore: ensuring required API firestore.googleapis.com is enabled... 
[info] i  firestore: ensuring required API firestore.googleapis.com is enabled... 
[debug] [2026-04-01T00:03:55.145Z] Checked if tokens are valid: true, expires at: 1775005349481
[debug] [2026-04-01T00:03:55.145Z] Checked if tokens are valid: true, expires at: 1775005349481
[debug] [2026-04-01T00:03:55.145Z] >>> [apiv2][query] GET https://firestore.googleapis.com/v1/projects/aismart-plan/databases/(default) [none]
[debug] [2026-04-01T00:03:55.530Z] <<< [apiv2][status] GET https://firestore.googleapis.com/v1/projects/aismart-plan/databases/(default) 200
[debug] [2026-04-01T00:03:55.531Z] <<< [apiv2][body] GET https://firestore.googleapis.com/v1/projects/aismart-plan/databases/(default) {"name":"projects/aismart-plan/databases/(default)","uid":"7388d53f-b71f-4161-982c-95293650243e","createTime":"2026-03-24T23:46:05.026217Z","updateTime":"2026-03-24T23:46:05.026217Z","locationId":"nam5","type":"FIRESTORE_NATIVE","concurrencyMode":"PESSIMISTIC","versionRetentionPeriod":"3600s","earliestVersionTime":"2026-03-31T23:03:56.268187Z","appEngineIntegrationMode":"DISABLED","keyPrefix":"s","pointInTimeRecoveryEnablement":"POINT_IN_TIME_RECOVERY_DISABLED","deleteProtectionState":"DELETE_PROTECTION_DISABLED","databaseEdition":"STANDARD","freeTier":true,"realtimeUpdatesMode":"REALTIME_UPDATES_MODE_ENABLED","etag":"IOXOtI+ty5MDMLOF1JXcuZMD"}
[info] i  firestore: reading indexes from firebase/firestore.indexes.json... 
[info] i  cloud.firestore: checking firebase/firestore.rules for compilation errors... 
[debug] [2026-04-01T00:03:55.532Z] Checked if tokens are valid: true, expires at: 1775005349481
[debug] [2026-04-01T00:03:55.532Z] Checked if tokens are valid: true, expires at: 1775005349481
[debug] [2026-04-01T00:03:55.532Z] >>> [apiv2][query] POST https://firebaserules.googleapis.com/v1/projects/aismart-plan:test [none]
[debug] [2026-04-01T00:03:55.532Z] >>> [apiv2][body] POST https://firebaserules.googleapis.com/v1/projects/aismart-plan:test [omitted]
[debug] [2026-04-01T00:03:55.969Z] <<< [apiv2][status] POST https://firebaserules.googleapis.com/v1/projects/aismart-plan:test 200
[debug] [2026-04-01T00:03:55.970Z] <<< [apiv2][body] POST https://firebaserules.googleapis.com/v1/projects/aismart-plan:test {}
[info] +  cloud.firestore: rules file firebase/firestore.rules compiled successfully 
[info] i  firestore: deploying indexes... 
[debug] [2026-04-01T00:03:55.971Z] Checked if tokens are valid: true, expires at: 1775005349481
[debug] [2026-04-01T00:03:55.971Z] Checked if tokens are valid: true, expires at: 1775005349481
[debug] [2026-04-01T00:03:55.971Z] >>> [apiv2][query] GET https://firestore.googleapis.com/v1/projects/aismart-plan/databases/(default)/collectionGroups/-/indexes [none]
[debug] [2026-04-01T00:03:56.113Z] <<< [apiv2][status] GET https://firestore.googleapis.com/v1/projects/aismart-plan/databases/(default)/collectionGroups/-/indexes 200
[debug] [2026-04-01T00:03:56.113Z] <<< [apiv2][body] GET https://firestore.googleapis.com/v1/projects/aismart-plan/databases/(default)/collectionGroups/-/indexes {"indexes":[{"name":"projects/aismart-plan/databases/(default)/collectionGroups/goals/indexes/CICAgOjXh4EK","queryScope":"COLLECTION","fields":[{"fieldPath":"status","order":"ASCENDING"},{"fieldPath":"createdAt","order":"DESCENDING"},{"fieldPath":"__name__","order":"DESCENDING"}],"state":"CREATING","density":"SPARSE_ALL"},{"name":"projects/aismart-plan/databases/(default)/collectionGroups/goals/indexes/CICAgJiUpoMK","queryScope":"COLLECTION","fields":[{"fieldPath":"priority","order":"DESCENDING"},{"fieldPath":"createdAt","order":"DESCENDING"},{"fieldPath":"__name__","order":"DESCENDING"}],"state":"CREATING","density":"SPARSE_ALL"}]}
[debug] [2026-04-01T00:03:56.113Z] Checked if tokens are valid: true, expires at: 1775005349481
[debug] [2026-04-01T00:03:56.113Z] Checked if tokens are valid: true, expires at: 1775005349481
[debug] [2026-04-01T00:03:56.114Z] >>> [apiv2][query] GET https://firestore.googleapis.com/v1/projects/aismart-plan/databases/(default)/collectionGroups/-/fields?filter=indexConfig.usesAncestorConfig=false OR ttlConfig:* [none]
[debug] [2026-04-01T00:03:56.249Z] <<< [apiv2][status] GET https://firestore.googleapis.com/v1/projects/aismart-plan/databases/(default)/collectionGroups/-/fields?filter=indexConfig.usesAncestorConfig=false OR ttlConfig:* 200
[debug] [2026-04-01T00:03:56.250Z] <<< [apiv2][body] GET https://firestore.googleapis.com/v1/projects/aismart-plan/databases/(default)/collectionGroups/-/fields?filter=indexConfig.usesAncestorConfig=false OR ttlConfig:* {"fields":[{"name":"projects/aismart-plan/databases/(default)/collectionGroups/__default__/fields/*","indexConfig":{"indexes":[{"queryScope":"COLLECTION","fields":[{"fieldPath":"*","order":"ASCENDING"}],"state":"READY"},{"queryScope":"COLLECTION","fields":[{"fieldPath":"*","order":"DESCENDING"}],"state":"READY"},{"queryScope":"COLLECTION","fields":[{"fieldPath":"*","arrayConfig":"CONTAINS"}],"state":"READY"}]}}]}
[debug] [2026-04-01T00:03:56.250Z] Checked if tokens are valid: true, expires at: 1775005349481
[debug] [2026-04-01T00:03:56.250Z] Checked if tokens are valid: true, expires at: 1775005349481
[debug] [2026-04-01T00:03:56.250Z] >>> [apiv2][query] GET https://firestore.googleapis.com/v1/projects/aismart-plan/databases/(default) [none]
[debug] [2026-04-01T00:03:56.335Z] <<< [apiv2][status] GET https://firestore.googleapis.com/v1/projects/aismart-plan/databases/(default) 200
[debug] [2026-04-01T00:03:56.335Z] <<< [apiv2][body] GET https://firestore.googleapis.com/v1/projects/aismart-plan/databases/(default) {"name":"projects/aismart-plan/databases/(default)","uid":"7388d53f-b71f-4161-982c-95293650243e","createTime":"2026-03-24T23:46:05.026217Z","updateTime":"2026-03-24T23:46:05.026217Z","locationId":"nam5","type":"FIRESTORE_NATIVE","concurrencyMode":"PESSIMISTIC","versionRetentionPeriod":"3600s","earliestVersionTime":"2026-03-31T23:03:57.128811Z","appEngineIntegrationMode":"DISABLED","keyPrefix":"s","pointInTimeRecoveryEnablement":"POINT_IN_TIME_RECOVERY_DISABLED","deleteProtectionState":"DELETE_PROTECTION_DISABLED","databaseEdition":"STANDARD","freeTier":true,"realtimeUpdatesMode":"REALTIME_UPDATES_MODE_ENABLED","etag":"IOmT6Y+ty5MDMLOF1JXcuZMD"}
[debug] [2026-04-01T00:03:56.336Z] Skipping existing index: {"collectionGroup":"goals","queryScope":"COLLECTION","fields":[{"fieldPath":"status","order":"ASCENDING"},{"fieldPath":"createdAt","order":"DESCENDING"},{"fieldPath":"__name__","order":"DESCENDING"}]}
[debug] [2026-04-01T00:03:56.337Z] Skipping existing index: {"collectionGroup":"goals","queryScope":"COLLECTION","fields":[{"fieldPath":"priority","order":"DESCENDING"},{"fieldPath":"createdAt","order":"DESCENDING"},{"fieldPath":"__name__","order":"DESCENDING"}]}
[debug] [2026-04-01T00:03:56.337Z] Creating new index: {"collectionGroup":"accomplishmentLogs","queryScope":"COLLECTION","fields":[{"fieldPath":"goalId","order":"ASCENDING"},{"fieldPath":"scheduledDate","order":"DESCENDING"}]}
[debug] [2026-04-01T00:03:56.337Z] Checked if tokens are valid: true, expires at: 1775005349481
[debug] [2026-04-01T00:03:56.337Z] Checked if tokens are valid: true, expires at: 1775005349481
[debug] [2026-04-01T00:03:56.337Z] >>> [apiv2][query] POST https://firestore.googleapis.com/v1/projects/aismart-plan/databases/(default)/collectionGroups/accomplishmentLogs/indexes [none]
[debug] [2026-04-01T00:03:56.337Z] >>> [apiv2][body] POST https://firestore.googleapis.com/v1/projects/aismart-plan/databases/(default)/collectionGroups/accomplishmentLogs/indexes {"fields":[{"fieldPath":"goalId","order":"ASCENDING"},{"fieldPath":"scheduledDate","order":"DESCENDING"}],"queryScope":"COLLECTION"}
[debug] [2026-04-01T00:03:56.599Z] <<< [apiv2][status] POST https://firestore.googleapis.com/v1/projects/aismart-plan/databases/(default)/collectionGroups/accomplishmentLogs/indexes 200
[debug] [2026-04-01T00:03:56.599Z] <<< [apiv2][body] POST https://firestore.googleapis.com/v1/projects/aismart-plan/databases/(default)/collectionGroups/accomplishmentLogs/indexes {"name":"projects/aismart-plan/databases/(default)/operations/S0E0MW1pSmdBQ0lDDCoDIDZjMjJkZDRiZmMzZS1lZDJiLWQ1OTQtYTIzMS0xNTViOTJkZCQac2VuaWxlcGlwCQpBEg","metadata":{"@type":"type.googleapis.com/google.firestore.admin.v1.IndexOperationMetadata","startTime":"2026-04-01T00:03:57.319074Z","index":"projects/aismart-plan/databases/(default)/collectionGroups/accomplishmentLogs/indexes/CICAgJim14AK","state":"INITIALIZING"}}
[debug] [2026-04-01T00:03:56.599Z] Creating new index: {"collectionGroup":"teams","queryScope":"COLLECTION","fields":[{"fieldPath":"ownerId","order":"ASCENDING"},{"fieldPath":"createdAt","order":"DESCENDING"}]}
[debug] [2026-04-01T00:03:56.599Z] Checked if tokens are valid: true, expires at: 1775005349481
[debug] [2026-04-01T00:03:56.599Z] Checked if tokens are valid: true, expires at: 1775005349481
[debug] [2026-04-01T00:03:56.599Z] >>> [apiv2][query] POST https://firestore.googleapis.com/v1/projects/aismart-plan/databases/(default)/collectionGroups/teams/indexes [none]
[debug] [2026-04-01T00:03:56.599Z] >>> [apiv2][body] POST https://firestore.googleapis.com/v1/projects/aismart-plan/databases/(default)/collectionGroups/teams/indexes {"fields":[{"fieldPath":"ownerId","order":"ASCENDING"},{"fieldPath":"createdAt","order":"DESCENDING"}],"queryScope":"COLLECTION"}
[debug] [2026-04-01T00:03:56.968Z] <<< [apiv2][status] POST https://firestore.googleapis.com/v1/projects/aismart-plan/databases/(default)/collectionGroups/teams/indexes 200
[debug] [2026-04-01T00:03:56.969Z] <<< [apiv2][body] POST https://firestore.googleapis.com/v1/projects/aismart-plan/databases/(default)/collectionGroups/teams/indexes {"name":"projects/aismart-plan/databases/(default)/operations/S0lvOUZqSmdBQ0lDDCoDIDY1MTBkODAwYWZmYS1hMjViLTgzMzQtZDRkMi1mZjUzZThlMSQac2VuaWxlcGlwCQpBEg","metadata":{"@type":"type.googleapis.com/google.firestore.admin.v1.IndexOperationMetadata","startTime":"2026-04-01T00:03:57.630711Z","index":"projects/aismart-plan/databases/(default)/collectionGroups/teams/indexes/CICAgJjF9oIK","state":"INITIALIZING"}}
[debug] [2026-04-01T00:03:56.969Z] Creating new index: {"collectionGroup":"teamMembers","queryScope":"COLLECTION","fields":[{"fieldPath":"userId","order":"ASCENDING"},{"fieldPath":"joinedAt","order":"DESCENDING"}]}
[debug] [2026-04-01T00:03:56.969Z] Checked if tokens are valid: true, expires at: 1775005349481
[debug] [2026-04-01T00:03:56.969Z] Checked if tokens are valid: true, expires at: 1775005349481
[debug] [2026-04-01T00:03:56.969Z] >>> [apiv2][query] POST https://firestore.googleapis.com/v1/projects/aismart-plan/databases/(default)/collectionGroups/teamMembers/indexes [none]
[debug] [2026-04-01T00:03:56.969Z] >>> [apiv2][body] POST https://firestore.googleapis.com/v1/projects/aismart-plan/databases/(default)/collectionGroups/teamMembers/indexes {"fields":[{"fieldPath":"userId","order":"ASCENDING"},{"fieldPath":"joinedAt","order":"DESCENDING"}],"queryScope":"COLLECTION"}
[debug] [2026-04-01T00:03:57.260Z] <<< [apiv2][status] POST https://firestore.googleapis.com/v1/projects/aismart-plan/databases/(default)/collectionGroups/teamMembers/indexes 200
[debug] [2026-04-01T00:03:57.261Z] <<< [apiv2][body] POST https://firestore.googleapis.com/v1/projects/aismart-plan/databases/(default)/collectionGroups/teamMembers/indexes {"name":"projects/aismart-plan/databases/(default)/operations/S0U0ejdqSmdBQ0lDDCoDIGY4NDJiODNkNDQ4MS01Y2U5LTk4YjQtNGU2MS03YzI0MmNmOSQac2VuaWxlcGlwCQpBEg","metadata":{"@type":"type.googleapis.com/google.firestore.admin.v1.IndexOperationMetadata","startTime":"2026-04-01T00:03:57.969953Z","index":"projects/aismart-plan/databases/(default)/collectionGroups/teamMembers/indexes/CICAgJj7z4EK","state":"INITIALIZING"}}
[debug] [2026-04-01T00:03:57.261Z] Creating new index: {"collectionGroup":"teamMembers","queryScope":"COLLECTION","fields":[{"fieldPath":"teamId","order":"ASCENDING"},{"fieldPath":"role","order":"ASCENDING"}]}
[debug] [2026-04-01T00:03:57.261Z] Checked if tokens are valid: true, expires at: 1775005349481
[debug] [2026-04-01T00:03:57.261Z] Checked if tokens are valid: true, expires at: 1775005349481
[debug] [2026-04-01T00:03:57.261Z] >>> [apiv2][query] POST https://firestore.googleapis.com/v1/projects/aismart-plan/databases/(default)/collectionGroups/teamMembers/indexes [none]
[debug] [2026-04-01T00:03:57.261Z] >>> [apiv2][body] POST https://firestore.googleapis.com/v1/projects/aismart-plan/databases/(default)/collectionGroups/teamMembers/indexes {"fields":[{"fieldPath":"teamId","order":"ASCENDING"},{"fieldPath":"role","order":"ASCENDING"}],"queryScope":"COLLECTION"}
[debug] [2026-04-01T00:03:57.505Z] <<< [apiv2][status] POST https://firestore.googleapis.com/v1/projects/aismart-plan/databases/(default)/collectionGroups/teamMembers/indexes 200
[debug] [2026-04-01T00:03:57.505Z] <<< [apiv2][body] POST https://firestore.googleapis.com/v1/projects/aismart-plan/databases/(default)/collectionGroups/teamMembers/indexes {"name":"projects/aismart-plan/databases/(default)/operations/S01vNzRpTmdBQ0lDDCoDIDI5YjRkNDFkOTVlZi05M2VhLTU3YTQtMzJjZC04OWE1OGUxNiQac2VuaWxlcGlwCQpBEg","metadata":{"@type":"type.googleapis.com/google.firestore.admin.v1.IndexOperationMetadata","startTime":"2026-04-01T00:03:58.221198Z","index":"projects/aismart-plan/databases/(default)/collectionGroups/teamMembers/indexes/CICAgNi47oMK","state":"INITIALIZING"}}
[debug] [2026-04-01T00:03:57.505Z] Creating new index: {"collectionGroup":"subscriptions","queryScope":"COLLECTION","fields":[{"fieldPath":"userId","order":"ASCENDING"},{"fieldPath":"status","order":"ASCENDING"}]}
[debug] [2026-04-01T00:03:57.505Z] Checked if tokens are valid: true, expires at: 1775005349481
[debug] [2026-04-01T00:03:57.505Z] Checked if tokens are valid: true, expires at: 1775005349481
[debug] [2026-04-01T00:03:57.505Z] >>> [apiv2][query] POST https://firestore.googleapis.com/v1/projects/aismart-plan/databases/(default)/collectionGroups/subscriptions/indexes [none]
[debug] [2026-04-01T00:03:57.505Z] >>> [apiv2][body] POST https://firestore.googleapis.com/v1/projects/aismart-plan/databases/(default)/collectionGroups/subscriptions/indexes {"fields":[{"fieldPath":"userId","order":"ASCENDING"},{"fieldPath":"status","order":"ASCENDING"}],"queryScope":"COLLECTION"}
[debug] [2026-04-01T00:03:57.787Z] <<< [apiv2][status] POST https://firestore.googleapis.com/v1/projects/aismart-plan/databases/(default)/collectionGroups/subscriptions/indexes 200
[debug] [2026-04-01T00:03:57.787Z] <<< [apiv2][body] POST https://firestore.googleapis.com/v1/projects/aismart-plan/databases/(default)/collectionGroups/subscriptions/indexes {"name":"projects/aismart-plan/databases/(default)/operations/Sk1vcFVpSmdBQ0lDDCoDIDRhY2ZmMWZmMDI3OC01NjZhLTUzMTQtNGQ3Mi03NGUzOGNmNSQac2VuaWxlcGlwCQpBEg","metadata":{"@type":"type.googleapis.com/google.firestore.admin.v1.IndexOperationMetadata","startTime":"2026-04-01T00:03:58.413543Z","index":"projects/aismart-plan/databases/(default)/collectionGroups/subscriptions/indexes/CICAgJiUpoMJ","state":"INITIALIZING"}}
[debug] [2026-04-01T00:03:57.787Z] Creating new index: {"collectionGroup":"apiKeys","queryScope":"COLLECTION","fields":[{"fieldPath":"userId","order":"ASCENDING"},{"fieldPath":"createdAt","order":"DESCENDING"}]}
[debug] [2026-04-01T00:03:57.787Z] Checked if tokens are valid: true, expires at: 1775005349481
[debug] [2026-04-01T00:03:57.787Z] Checked if tokens are valid: true, expires at: 1775005349481
[debug] [2026-04-01T00:03:57.787Z] >>> [apiv2][query] POST https://firestore.googleapis.com/v1/projects/aismart-plan/databases/(default)/collectionGroups/apiKeys/indexes [none]
[debug] [2026-04-01T00:03:57.787Z] >>> [apiv2][body] POST https://firestore.googleapis.com/v1/projects/aismart-plan/databases/(default)/collectionGroups/apiKeys/indexes {"fields":[{"fieldPath":"userId","order":"ASCENDING"},{"fieldPath":"createdAt","order":"DESCENDING"}],"queryScope":"COLLECTION"}
[debug] [2026-04-01T00:03:58.030Z] <<< [apiv2][status] POST https://firestore.googleapis.com/v1/projects/aismart-plan/databases/(default)/collectionGroups/apiKeys/indexes 200
[debug] [2026-04-01T00:03:58.030Z] <<< [apiv2][body] POST https://firestore.googleapis.com/v1/projects/aismart-plan/databases/(default)/collectionGroups/apiKeys/indexes {"name":"projects/aismart-plan/databases/(default)/operations/S0E0dmFpTmdBQ0lDDCoDIDI4MjE5YTNjMGU3NC03NjNiLWFjNDQtZmI1Ni1lYzZkMmVhOSQac2VuaWxlcGlwCQpBEg","metadata":{"@type":"type.googleapis.com/google.firestore.admin.v1.IndexOperationMetadata","startTime":"2026-04-01T00:03:58.755702Z","index":"projects/aismart-plan/databases/(default)/collectionGroups/apiKeys/indexes/CICAgNiav4AK","state":"INITIALIZING"}}
[debug] [2026-04-01T00:03:58.030Z] Creating new index: {"collectionGroup":"webhooks","queryScope":"COLLECTION","fields":[{"fieldPath":"userId","order":"ASCENDING"},{"fieldPath":"createdAt","order":"DESCENDING"}]}
[debug] [2026-04-01T00:03:58.030Z] Checked if tokens are valid: true, expires at: 1775005349481
[debug] [2026-04-01T00:03:58.030Z] Checked if tokens are valid: true, expires at: 1775005349481
[debug] [2026-04-01T00:03:58.030Z] >>> [apiv2][query] POST https://firestore.googleapis.com/v1/projects/aismart-plan/databases/(default)/collectionGroups/webhooks/indexes [none]
[debug] [2026-04-01T00:03:58.030Z] >>> [apiv2][body] POST https://firestore.googleapis.com/v1/projects/aismart-plan/databases/(default)/collectionGroups/webhooks/indexes {"fields":[{"fieldPath":"userId","order":"ASCENDING"},{"fieldPath":"createdAt","order":"DESCENDING"}],"queryScope":"COLLECTION"}
[debug] [2026-04-01T00:03:58.197Z] <<< [apiv2][status] POST https://firestore.googleapis.com/v1/projects/aismart-plan/databases/(default)/collectionGroups/webhooks/indexes 200
[debug] [2026-04-01T00:03:58.198Z] <<< [apiv2][body] POST https://firestore.googleapis.com/v1/projects/aismart-plan/databases/(default)/collectionGroups/webhooks/indexes {"name":"projects/aismart-plan/databases/(default)/operations/S01acUZqSmdBQ0lDDCoDIDhiMjViYWM2MjgxNS0zMmU5LTAwNzQtMTVkNy0wMDRmMmJhNCQac2VuaWxlcGlwCQpBEg","metadata":{"@type":"type.googleapis.com/google.firestore.admin.v1.IndexOperationMetadata","startTime":"2026-04-01T00:03:58.951697Z","index":"projects/aismart-plan/databases/(default)/collectionGroups/webhooks/indexes/CICAgJjFqZMK","state":"INITIALIZING"}}
[debug] [2026-04-01T00:03:58.198Z] Creating new index: {"collectionGroup":"notificationLogs","queryScope":"COLLECTION","fields":[{"fieldPath":"userId","order":"ASCENDING"},{"fieldPath":"createdAt","order":"DESCENDING"}]}
[debug] [2026-04-01T00:03:58.198Z] Checked if tokens are valid: true, expires at: 1775005349481
[debug] [2026-04-01T00:03:58.198Z] Checked if tokens are valid: true, expires at: 1775005349481
[debug] [2026-04-01T00:03:58.198Z] >>> [apiv2][query] POST https://firestore.googleapis.com/v1/projects/aismart-plan/databases/(default)/collectionGroups/notificationLogs/indexes [none]
[debug] [2026-04-01T00:03:58.198Z] >>> [apiv2][body] POST https://firestore.googleapis.com/v1/projects/aismart-plan/databases/(default)/collectionGroups/notificationLogs/indexes {"fields":[{"fieldPath":"userId","order":"ASCENDING"},{"fieldPath":"createdAt","order":"DESCENDING"}],"queryScope":"COLLECTION"}
[debug] [2026-04-01T00:03:58.453Z] <<< [apiv2][status] POST https://firestore.googleapis.com/v1/projects/aismart-plan/databases/(default)/collectionGroups/notificationLogs/indexes 200
[debug] [2026-04-01T00:03:58.453Z] <<< [apiv2][body] POST https://firestore.googleapis.com/v1/projects/aismart-plan/databases/(default)/collectionGroups/notificationLogs/indexes {"name":"projects/aismart-plan/databases/(default)/operations/S0lZZ3BqTmdBQ0lDDCoDIGZkNzFlM2E0ZmZlMy0wNjlhLTY0ZjQtMjc4ZS0wZDRlYmExOSQac2VuaWxlcGlwCQpBEg","metadata":{"@type":"type.googleapis.com/google.firestore.admin.v1.IndexOperationMetadata","startTime":"2026-04-01T00:03:59.206829Z","index":"projects/aismart-plan/databases/(default)/collectionGroups/notificationLogs/indexes/CICAgNjpgYIK","state":"INITIALIZING"}}
[debug] [2026-04-01T00:03:58.453Z] Creating new index: {"collectionGroup":"taskTemplates","queryScope":"COLLECTION","fields":[{"fieldPath":"userId","order":"ASCENDING"},{"fieldPath":"createdAt","order":"DESCENDING"}]}
[debug] [2026-04-01T00:03:58.453Z] Checked if tokens are valid: true, expires at: 1775005349481
[debug] [2026-04-01T00:03:58.453Z] Checked if tokens are valid: true, expires at: 1775005349481
[debug] [2026-04-01T00:03:58.454Z] >>> [apiv2][query] POST https://firestore.googleapis.com/v1/projects/aismart-plan/databases/(default)/collectionGroups/taskTemplates/indexes [none]
[debug] [2026-04-01T00:03:58.454Z] >>> [apiv2][body] POST https://firestore.googleapis.com/v1/projects/aismart-plan/databases/(default)/collectionGroups/taskTemplates/indexes {"fields":[{"fieldPath":"userId","order":"ASCENDING"},{"fieldPath":"createdAt","order":"DESCENDING"}],"queryScope":"COLLECTION"}
[debug] [2026-04-01T00:03:58.722Z] <<< [apiv2][status] POST https://firestore.googleapis.com/v1/projects/aismart-plan/databases/(default)/collectionGroups/taskTemplates/indexes 200
[debug] [2026-04-01T00:03:58.722Z] <<< [apiv2][body] POST https://firestore.googleapis.com/v1/projects/aismart-plan/databases/(default)/collectionGroups/taskTemplates/indexes {"name":"projects/aismart-plan/databases/(default)/operations/S0FKazNpT2dBQ0lDDCoDIGNlNzM4MTMwMTdmNy1iZjY4LWVjMzQtNjJlMi02OGZmZTYwZSQac2VuaWxlcGlwCQpBEg","metadata":{"@type":"type.googleapis.com/google.firestore.admin.v1.IndexOperationMetadata","startTime":"2026-04-01T00:03:59.373205Z","index":"projects/aismart-plan/databases/(default)/collectionGroups/taskTemplates/indexes/CICAgOi3kJAK","state":"INITIALIZING"}}
[debug] [2026-04-01T00:03:58.722Z] Creating new index: {"collectionGroup":"taskTemplates","queryScope":"COLLECTION","fields":[{"fieldPath":"isPublic","order":"ASCENDING"},{"fieldPath":"usageCount","order":"DESCENDING"}]}
[debug] [2026-04-01T00:03:58.722Z] Checked if tokens are valid: true, expires at: 1775005349481
[debug] [2026-04-01T00:03:58.722Z] Checked if tokens are valid: true, expires at: 1775005349481
[debug] [2026-04-01T00:03:58.722Z] >>> [apiv2][query] POST https://firestore.googleapis.com/v1/projects/aismart-plan/databases/(default)/collectionGroups/taskTemplates/indexes [none]
[debug] [2026-04-01T00:03:58.722Z] >>> [apiv2][body] POST https://firestore.googleapis.com/v1/projects/aismart-plan/databases/(default)/collectionGroups/taskTemplates/indexes {"fields":[{"fieldPath":"isPublic","order":"ASCENDING"},{"fieldPath":"usageCount","order":"DESCENDING"}],"queryScope":"COLLECTION"}
[debug] [2026-04-01T00:03:58.925Z] <<< [apiv2][status] POST https://firestore.googleapis.com/v1/projects/aismart-plan/databases/(default)/collectionGroups/taskTemplates/indexes 200
[debug] [2026-04-01T00:03:58.925Z] <<< [apiv2][body] POST https://firestore.googleapis.com/v1/projects/aismart-plan/databases/(default)/collectionGroups/taskTemplates/indexes {"name":"projects/aismart-plan/databases/(default)/operations/S2tJOTNpT2dBQ0lDDCoDIGE1Yjc0ZjQwYWZiNi1jZTliLTQzNjQtZjM1ZS05MzRhNjIyZSQac2VuaWxlcGlwCQpBEg","metadata":{"@type":"type.googleapis.com/google.firestore.admin.v1.IndexOperationMetadata","startTime":"2026-04-01T00:03:59.671896Z","index":"projects/aismart-plan/databases/(default)/collectionGroups/taskTemplates/indexes/CICAgOi39IkK","state":"INITIALIZING"}}
[debug] [2026-04-01T00:03:58.925Z] Creating new index: {"collectionGroup":"userIntegrations","queryScope":"COLLECTION","fields":[{"fieldPath":"userId","order":"ASCENDING"},{"fieldPath":"provider","order":"ASCENDING"}]}
[debug] [2026-04-01T00:03:58.925Z] Checked if tokens are valid: true, expires at: 1775005349481
[debug] [2026-04-01T00:03:58.925Z] Checked if tokens are valid: true, expires at: 1775005349481
[debug] [2026-04-01T00:03:58.925Z] >>> [apiv2][query] POST https://firestore.googleapis.com/v1/projects/aismart-plan/databases/(default)/collectionGroups/userIntegrations/indexes [none]
[debug] [2026-04-01T00:03:58.925Z] >>> [apiv2][body] POST https://firestore.googleapis.com/v1/projects/aismart-plan/databases/(default)/collectionGroups/userIntegrations/indexes {"fields":[{"fieldPath":"userId","order":"ASCENDING"},{"fieldPath":"provider","order":"ASCENDING"}],"queryScope":"COLLECTION"}
[debug] [2026-04-01T00:03:59.170Z] <<< [apiv2][status] POST https://firestore.googleapis.com/v1/projects/aismart-plan/databases/(default)/collectionGroups/userIntegrations/indexes 200
